[06:59:54] [ServerMain/INFO]: [bootstrap] Running Java 25 (OpenJDK 64-Bit Server VM 25.0.3+9-2-24.04.2-Ubuntu; Ubuntu null) on Linux 6.8.0-1052-azure (amd64)
[06:59:54] [ServerMain/INFO]: [bootstrap] Loading Paper 26.1.2-60-main@b4682bf (2026-05-04T06:25:04Z) for Minecraft 26.1.2
[06:59:56] [ServerMain/INFO]: [PluginInitializerManager] Initializing plugins...
[06:59:59] [ServerMain/INFO]: [PluginInitializerManager] Initialized 6 plugins
[06:59:59] [ServerMain/INFO]: [PluginInitializerManager] Bukkit plugins (6):
 - AxGraves (1.29.0), ClansLite (1.6.4), Essentials (2.22.0), GSit (3.4.2), LuckPerms (5.5.53), SkinsRestorer (15.12.3)
[07:00:25] [ServerMain/INFO]: Environment: Environment[sessionHost=https://sessionserver.mojang.com, servicesHost=https://api.minecraftservices.com, profilesHost=https://api.mojang.com, name=PROD]
[07:00:34] [ServerMain/INFO]: Loaded 1515 recipes
[07:00:34] [ServerMain/INFO]: Loaded 1617 advancements
[07:00:34] [ServerMain/INFO]: [ca.spottedleaf.dataconverter.minecraft.datatypes.MCTypeRegistry] Initialising converters for DataConverter...
[07:00:37] [ServerMain/INFO]: [ca.spottedleaf.dataconverter.minecraft.datatypes.MCTypeRegistry] Finished initialising converters for DataConverter in 2,514.6ms
[07:00:37] [Server thread/INFO]: Starting minecraft server version 26.1.2
[07:00:37] [Server thread/INFO]: Loading properties
[07:00:39] [Server thread/INFO]: This server is running Paper version 26.1.2-60-main@b4682bf (2026-05-04T06:25:04Z) (Implementing API version 26.1.2.build.60-stable)
[07:00:40] [Server thread/INFO]: [spark] This server bundles the spark profiler. For more information please visit https://docs.papermc.io/paper/profiling
[07:00:40] [Server thread/INFO]: Server Ping Player Sample Count: 12
[07:00:40] [Server thread/INFO]: Using 4 threads for Netty based IO
[07:00:41] [Server thread/INFO]: [MoonriseCommon] Paper is using 1 worker threads, 1 I/O threads
[07:00:43] [Server thread/INFO]: Default game type: SURVIVAL
[07:00:43] [Server thread/INFO]: Generating keypair
[07:00:43] [Server thread/INFO]: Starting Minecraft server on *:25565
[07:00:44] [Server thread/INFO]: Paper: Using libdeflate (Linux x86_64) compression from Velocity.
[07:00:44] [Server thread/INFO]: Paper: Using OpenSSL 3.x.x (Linux x86_64) cipher from Velocity.
[07:00:45] [Server thread/INFO]: [SpigotLibraryLoader] [ClansLite] Loading 3 libraries... please wait
[07:00:46] [Server thread/INFO]: [SpigotLibraryLoader] [ClansLite] Loaded library /workspaces/SADDSA/servidor_minecraft/libraries/commons-codec/commons-codec/1.19.0/commons-codec-1.19.0.jar
[07:00:46] [Server thread/INFO]: [SpigotLibraryLoader] [ClansLite] Loaded library /workspaces/SADDSA/servidor_minecraft/libraries/org/apache/commons/commons-lang3/3.18.0/commons-lang3-3.18.0.jar
[07:00:46] [Server thread/INFO]: [SpigotLibraryLoader] [ClansLite] Loaded library /workspaces/SADDSA/servidor_minecraft/libraries/commons-lang/commons-lang/1.0.1/commons-lang-1.0.1.jar
[07:00:47] [Server thread/INFO]: [LuckPerms] Loading server plugin LuckPerms v5.5.53
[07:00:48] [Server thread/INFO]: [LuckPerms] Loading configuration...
[07:00:48] [Server thread/INFO]: [Essentials] Loading server plugin Essentials v2.22.0
[07:00:48] [Server thread/INFO]: [SkinsRestorer] Loading server plugin SkinsRestorer v15.12.3
[07:00:48] [Server thread/INFO]: [GSit] Loading server plugin GSit v3.4.2
[07:00:49] [Server thread/INFO]: [ClansLite] Loading server plugin ClansLite v1.6.4
[07:00:49] [Server thread/INFO]: ClansLite:  [warning] - -------------------------------------------
[07:00:49] [Server thread/INFO]: ClansLite:  [warning] - Your server version is: 26.1.2-60-b4682bf (MC: 26.1.2)
[07:00:49] [Server thread/INFO]: ClansLite:  [warning] - This plugin is only tested on the Minecraft versions listed below:
[07:00:49] [Server thread/INFO]: ClansLite:  [warning] - 1.16.x
[07:00:49] [Server thread/INFO]: ClansLite:  [warning] - 1.17.x
[07:00:49] [Server thread/INFO]: ClansLite:  [warning] - 1.18.x
[07:00:49] [Server thread/INFO]: ClansLite:  [warning] - 1.19.x
[07:00:49] [Server thread/INFO]: ClansLite:  [warning] - 1.20.x
[07:00:49] [Server thread/INFO]: ClansLite:  [warning] - 1.21.x
[07:00:49] [Server thread/INFO]: ClansLite:  [warning] - 26.x.x
[07:00:49] [Server thread/INFO]: ClansLite:  [warning] - NO SUPPORT OR DEVELOPMENT HELP IS GUARANTEED FOR OTHER VERSIONS!
[07:00:49] [Server thread/INFO]: ClansLite:  [warning] - -------------------------------------------
[07:00:49] [Server thread/INFO]: ClansLite:  -------------------------------------------
[07:00:49] [Server thread/INFO]: ClansLite:  ClansLite-API has been registered successfully!
[07:00:49] [Server thread/INFO]: ClansLite:  -------------------------------------------
[07:00:49] [Server thread/INFO]: [AxGraves] Loading server plugin AxGraves v1.29.0
[07:00:49] [Server thread/INFO]: Server permissions file permissions.yml is empty, ignoring it
[07:00:49] [Server thread/INFO]: [LuckPerms] Enabling LuckPerms v5.5.53
[07:00:51] [Server thread/INFO]:         __    
[07:00:51] [Server thread/INFO]:   |    |__)   LuckPerms v5.5.53
[07:00:51] [Server thread/INFO]:   |___ |      Running on Bukkit - Paper
[07:00:51] [Server thread/INFO]: 
[07:00:51] [Server thread/INFO]: [LuckPerms] Loading storage provider... [H2]
[07:00:53] [Server thread/INFO]: [LuckPerms] Loading internal permission managers...
[07:00:54] [Server thread/INFO]: [LuckPerms] Performing initial data load...
[07:00:54] [Server thread/INFO]: [LuckPerms] Successfully enabled. (took 5231ms)
[07:00:54] [Server thread/INFO]: [SkinsRestorer] Enabling SkinsRestorer v15.12.3
[07:00:59] [Server thread/INFO]: [SkinsRestorer] Running on Minecraft 26.1.2.
[07:01:01] [Server thread/INFO]: [SkinsRestorer] Using paper join listener!
[07:01:01] [Server thread/WARN]: **** SERVER IS RUNNING IN OFFLINE/INSECURE MODE!
[07:01:01] [Server thread/WARN]: The server will make no attempt to authenticate usernames. Beware.
[07:01:01] [Server thread/WARN]: While this makes the game possible to play without internet access, it also opens up the ability for hackers to connect with any username they choose.
[07:01:01] [Server thread/WARN]: To change this, set "online-mode" to "true" in the server.properties file.
[07:01:01] [Server thread/INFO]: Preparing level "world"
[07:01:02] [Folia Async Scheduler Thread #1/INFO]: [SkinsRestorer] ----------------------------------------------
[07:01:02] [Folia Async Scheduler Thread #1/INFO]: [SkinsRestorer]     +===================+
[07:01:02] [Folia Async Scheduler Thread #1/INFO]: [SkinsRestorer]     |   SkinsRestorer   |
[07:01:02] [Folia Async Scheduler Thread #1/INFO]: [SkinsRestorer]     |-------------------|
[07:01:02] [Folia Async Scheduler Thread #1/INFO]: [SkinsRestorer]     |  Standalone Mode  |
[07:01:02] [Folia Async Scheduler Thread #1/INFO]: [SkinsRestorer]     +===================+
[07:01:02] [Folia Async Scheduler Thread #1/INFO]: [SkinsRestorer] ----------------------------------------------
[07:01:02] [Folia Async Scheduler Thread #1/INFO]: [SkinsRestorer]     Version: 15.12.3
[07:01:02] [Folia Async Scheduler Thread #1/INFO]: [SkinsRestorer]     Commit: 03cc9fd
[07:01:02] [Folia Async Scheduler Thread #1/INFO]: [SkinsRestorer]     This is the latest version!
[07:01:02] [Folia Async Scheduler Thread #1/INFO]: [SkinsRestorer] ----------------------------------------------
[07:01:02] [Folia Async Scheduler Thread #1/INFO]: [SkinsRestorer] Do you have issues? Read our troubleshooting guide: https://skinsrestorer.net/docs/troubleshooting
[07:01:02] [Folia Async Scheduler Thread #1/INFO]: [SkinsRestorer] Want to support SkinsRestorer or receive priority support? Become a supporter: https://skinsrestorer.net/pricing
[07:01:05] [Server thread/INFO]: Loading 0 persistent chunks for level 'minecraft:overworld'...
[07:01:05] [Server thread/INFO]: Preparing spawn area: 100%
[07:01:05] [Server thread/INFO]: Prepared spawn area in 15 ms
[07:01:05] [Server thread/INFO]: Loading 0 persistent chunks for level 'minecraft:the_nether'...
[07:01:05] [Server thread/INFO]: Preparing spawn area: 100%
[07:01:05] [Server thread/INFO]: Prepared spawn area in 15 ms
[07:01:05] [Server thread/INFO]: Loading 0 persistent chunks for level 'minecraft:the_end'...
[07:01:05] [Server thread/INFO]: Preparing spawn area: 100%
[07:01:05] [Server thread/INFO]: Prepared spawn area in 9 ms
[07:01:05] [Server thread/INFO]: Done preparing level "world" (3.518s)
[07:01:05] [Server thread/INFO]: [Essentials] Enabling Essentials v2.22.0
